node:internal/modules/cjs/loader:1424
  throw err;
  ^

Error: Cannot find module 'math-intrinsics/pow'
Require stack:
- /home/admin/clawd/node_modules/get-intrinsic/index.js
- /home/admin/clawd/node_modules/side-channel-map/index.js
- /home/admin/clawd/node_modules/side-channel/index.js
- /home/admin/clawd/node_modules/qs/lib/stringify.js
- /home/admin/clawd/node_modules/qs/lib/index.js
- /home/admin/clawd/node_modules/express/lib/middleware/query.js
- /home/admin/clawd/node_modules/express/lib/application.js
- /home/admin/clawd/node_modules/express/lib/express.js
- /home/admin/clawd/node_modules/express/index.js
- /home/admin/clawd/api/server.js
    at Module._resolveFilename (node:internal/modules/cjs/loader:1421:15)
    at defaultResolveImpl (node:internal/modules/cjs/loader:1059:19)
    at resolveForCJSWithHooks (node:internal/modules/cjs/loader:1064:22)
    at Module._load (node:internal/modules/cjs/loader:1227:37)
    at TracingChannel.traceSync (node:diagnostics_channel:328:14)
    at wrapModuleLoad (node:internal/modules/cjs/loader:245:24)
    at Module.require (node:internal/modules/cjs/loader:1504:12)
    at require (node:internal/modules/helpers:152:16)
    at Object.<anonymous> (/home/admin/clawd/node_modules/get-intrinsic/index.js:19:11)
    at Module._compile (node:internal/modules/cjs/loader:1761:14) {
  code: 'MODULE_NOT_FOUND',
  requireStack: [
    '/home/admin/clawd/node_modules/get-intrinsic/index.js',
    '/home/admin/clawd/node_modules/side-channel-map/index.js',
    '/home/admin/clawd/node_modules/side-channel/index.js',
    '/home/admin/clawd/node_modules/qs/lib/stringify.js',
    '/home/admin/clawd/node_modules/qs/lib/index.js',
    '/home/admin/clawd/node_modules/express/lib/middleware/query.js',
    '/home/admin/clawd/node_modules/express/lib/application.js',
    '/home/admin/clawd/node_modules/express/lib/express.js',
    '/home/admin/clawd/node_modules/express/index.js',
    '/home/admin/clawd/api/server.js'
  ]
}

Node.js v24.13.0
